<?xml version="1.0" encoding="UTF-8"?>
<testsuite name="type.StructTest" tests="1" skipped="0" failures="0" errors="0" timestamp="2019-09-28T11:11:13" hostname="duanyangyangs-MacBook-Pro.local" time="0.014">
  <properties/>
  <testcase name="toBytesTest$serialization()" classname="type.StructTest" time="0.014"/>
  <system-out><![CDATA[]]></system-out>
  <system-err><![CDATA[]]></system-err>
</testsuite>
