<?xml version="1.0" encoding="UTF-8"?>
<testsuite name="type.FixedTest" tests="1" skipped="0" failures="0" errors="0" timestamp="2019-09-28T11:11:13" hostname="duanyangyangs-MacBook-Pro.local" time="0.007">
  <properties/>
  <testcase name="toBytesTest()" classname="type.FixedTest" time="0.007"/>
  <system-out><![CDATA[]]></system-out>
  <system-err><![CDATA[]]></system-err>
</testsuite>
