<?xml version="1.0" encoding="UTF-8"?>
<testsuite name="org.nervos.ckb.crypto.HashTest" tests="2" skipped="0" failures="0" errors="0" timestamp="2019-09-28T11:11:15" hostname="duanyangyangs-MacBook-Pro.local" time="0.003">
  <properties/>
  <testcase name="testByte()" classname="org.nervos.ckb.crypto.HashTest" time="0.001"/>
  <testcase name="testBlake2b()" classname="org.nervos.ckb.crypto.HashTest" time="0.002"/>
  <system-out><![CDATA[]]></system-out>
  <system-err><![CDATA[]]></system-err>
</testsuite>
