<?xml version="1.0" encoding="UTF-8"?>
<testsuite name="org.nervos.ckb.utils.StringsTest" tests="3" skipped="0" failures="0" errors="0" timestamp="2019-09-28T11:11:15" hostname="duanyangyangs-MacBook-Pro.local" time="0.002">
  <properties/>
  <testcase name="testZeros()" classname="org.nervos.ckb.utils.StringsTest" time="0.001"/>
  <testcase name="testEmptyString()" classname="org.nervos.ckb.utils.StringsTest" time="0.0"/>
  <testcase name="testRepeat()" classname="org.nervos.ckb.utils.StringsTest" time="0.001"/>
  <system-out><![CDATA[]]></system-out>
  <system-err><![CDATA[]]></system-err>
</testsuite>
