<?xml version="1.0" encoding="UTF-8"?>
<testsuite name="org.nervos.ckb.crypto.Bech32Test" tests="5" skipped="0" failures="0" errors="0" timestamp="2019-09-28T11:11:15" hostname="duanyangyangs-MacBook-Pro.local" time="0.019">
  <properties/>
  <testcase name="testInvalidChecksums()" classname="org.nervos.ckb.crypto.Bech32Test" time="0.008"/>
  <testcase name="testDecode()" classname="org.nervos.ckb.crypto.Bech32Test" time="0.008"/>
  <testcase name="testEncode()" classname="org.nervos.ckb.crypto.Bech32Test" time="0.0"/>
  <testcase name="testDecodeValidAddresses()" classname="org.nervos.ckb.crypto.Bech32Test" time="0.001"/>
  <testcase name="testValidChecksums()" classname="org.nervos.ckb.crypto.Bech32Test" time="0.001"/>
  <system-out><![CDATA[]]></system-out>
  <system-err><![CDATA[]]></system-err>
</testsuite>
