<?xml version="1.0" encoding="UTF-8"?>
<testsuite name="org.nervos.ckb.crypto.secp256k1.SignTest" tests="3" skipped="0" failures="0" errors="0" timestamp="2019-09-28T11:11:15" hostname="duanyangyangs-MacBook-Pro.local" time="0.029">
  <properties/>
  <testcase name="signMessageForDerFormatTest()" classname="org.nervos.ckb.crypto.secp256k1.SignTest" time="0.023"/>
  <testcase name="compressedPublicKeyTest()" classname="org.nervos.ckb.crypto.secp256k1.SignTest" time="0.001"/>
  <testcase name="signMessageTest()" classname="org.nervos.ckb.crypto.secp256k1.SignTest" time="0.003"/>
  <system-out><![CDATA[]]></system-out>
  <system-err><![CDATA[]]></system-err>
</testsuite>
