<?xml version="1.0" encoding="UTF-8"?>
<testsuite name="JUnit Jupiter" tests="0" skipped="0" failures="0" errors="0" time="0.003" hostname="duanyangyangs-MacBook-Pro.local" timestamp="2019-09-28T15:09:27">
<properties>
<property name="awt.toolkit" value="sun.lwawt.macosx.LWCToolkit"/>
<property name="file.encoding" value="UTF-8"/>
<property name="file.encoding.pkg" value="sun.io"/>
<property name="file.separator" value="/"/>
<property name="ftp.nonProxyHosts" value="192.168.0.0/16|*.192.168.0.0/16|10.0.0.0/8|*.10.0.0.0/8|172.16.0.0/12|*.172.16.0.0/12|127.0.0.1|localhost|*.localhost|local|*.local|crashlytics.com|*.crashlytics.com"/>
<property name="gopherProxySet" value="false"/>
<property name="http.nonProxyHosts" value="192.168.0.0/16|*.192.168.0.0/16|10.0.0.0/8|*.10.0.0.0/8|172.16.0.0/12|*.172.16.0.0/12|127.0.0.1|localhost|*.localhost|local|*.local|crashlytics.com|*.crashlytics.com"/>
<property name="http.proxyHost" value="127.0.0.1"/>
<property name="http.proxyPort" value="7890"/>
<property name="https.proxyHost" value="127.0.0.1"/>
<property name="https.proxyPort" value="7890"/>
<property name="java.awt.graphicsenv" value="sun.awt.CGraphicsEnvironment"/>
<property name="java.awt.printerjob" value="sun.lwawt.macosx.CPrinterJob"/>
<property name="java.class.path" value="/Users/duanyangyang/Documents/ckb/ckb-sdk-kotlin/build/classes/java/test:/Users/duanyangyang/Documents/ckb/ckb-sdk-kotlin/build/classes/kotlin/test:/Users/duanyangyang/Documents/ckb/ckb-sdk-kotlin/build/resources/test:/Users/duanyangyang/Documents/ckb/ckb-sdk-kotlin/build/classes/java/main:/Users/duanyangyang/Documents/ckb/ckb-sdk-kotlin/build/classes/kotlin/main:/Users/duanyangyang/Documents/ckb/ckb-sdk-kotlin/build/resources/main:/Users/duanyangyang/.gradle/caches/modules-2/files-2.1/org.jetbrains.kotlin/kotlin-stdlib-jdk8/1.3.41/77652607ed82a49202d8a0b89de16994b61bdd75/kotlin-stdlib-jdk8-1.3.41.jar:/Users/duanyangyang/.gradle/caches/modules-2/files-2.1/org.junit.jupiter/junit-jupiter-engine/5.5.2/f597408bde45371548f9e9791da7981a1134328d/junit-jupiter-engine-5.5.2.jar:/Users/duanyangyang/.gradle/caches/modules-2/files-2.1/org.junit.jupiter/junit-jupiter-api/5.5.2/6393db7e4c0265152d8fc4ff146633d1a7d36c47/junit-jupiter-api-5.5.2.jar:/Users/duanyangyang/.gradle/caches/modules-2/files-2.1/org.jetbrains.kotlin/kotlin-stdlib-jdk7/1.3.41/a1f331124ba069a09e964ad2640c36f140f2c758/kotlin-stdlib-jdk7-1.3.41.jar:/Users/duanyangyang/.gradle/caches/modules-2/files-2.1/org.jetbrains.kotlin/kotlin-stdlib/1.3.41/e24bd38de28a326cce8b1f0d61e809e9a92dad6a/kotlin-stdlib-1.3.41.jar:/Users/duanyangyang/.gradle/caches/modules-2/files-2.1/org.junit.platform/junit-platform-engine/1.5.2/d5697f6ebe0b4d08c0210b5b98b4e1a40f40dfc6/junit-platform-engine-1.5.2.jar:/Users/duanyangyang/.gradle/caches/modules-2/files-2.1/org.junit.platform/junit-platform-commons/1.5.2/9703df63b65d415b2a027d43ce908c625b3aedce/junit-platform-commons-1.5.2.jar:/Users/duanyangyang/.gradle/caches/modules-2/files-2.1/org.apiguardian/apiguardian-api/1.1.0/fc9dff4bb36d627bdc553de77e1f17efd790876c/apiguardian-api-1.1.0.jar:/Users/duanyangyang/.gradle/caches/modules-2/files-2.1/org.opentest4j/opentest4j/1.2.0/28c11eb91f9b6d8e200631d46e20a7f407f2a046/opentest4j-1.2.0.jar:/Users/duanyangyang/.gradle/caches/modules-2/files-2.1/org.jetbrains.kotlin/kotlin-stdlib-common/1.3.41/2ecf4aa059427d7186312fd1736afedf7972e7f7/kotlin-stdlib-common-1.3.41.jar:/Users/duanyangyang/.gradle/caches/modules-2/files-2.1/org.jetbrains/annotations/13.0/919f0dfe192fb4e063e7dacadee7f8bb9a2672a9/annotations-13.0.jar:/Users/duanyangyang/.gradle/caches/modules-2/files-2.1/org.junit.platform/junit-platform-console/1.2.0/945a6e1dc84fb16450bbdc0fa5043ab8572491f/junit-platform-console-1.2.0.jar:/Users/duanyangyang/.gradle/caches/modules-2/files-2.1/org.junit.platform/junit-platform-launcher/1.2.0/ea230ba8c0b71943d4dd2bb215ca29041c89966e/junit-platform-launcher-1.2.0.jar:/Users/duanyangyang/.gradle/caches/modules-2/files-2.1/org.junit.platform/junit-platform-engine/1.2.0/35fa3529ce843ada1a10b0909ccb4a8148ee638d/junit-platform-engine-1.2.0.jar:/Users/duanyangyang/.gradle/caches/modules-2/files-2.1/org.junit.platform/junit-platform-commons/1.2.0/dbce1d822d3dc6c61703b340cd79018518685451/junit-platform-commons-1.2.0.jar:/Users/duanyangyang/.gradle/caches/modules-2/files-2.1/org.apiguardian/apiguardian-api/1.0.0/3ef5276905e36f4d8055fe3cb0bdcc7503ffc85d/apiguardian-api-1.0.0.jar:/Users/duanyangyang/.gradle/caches/modules-2/files-2.1/org.opentest4j/opentest4j/1.1.0/c8e2a3e3bc7f3e4bb5075306452db5290f9b117a/opentest4j-1.1.0.jar"/>
<property name="java.class.version" value="52.0"/>
<property name="java.endorsed.dirs" value="/Library/Java/JavaVirtualMachines/jdk1.8.0_181.jdk/Contents/Home/jre/lib/endorsed"/>
<property name="java.ext.dirs" value="/Users/duanyangyang/Library/Java/Extensions:/Library/Java/JavaVirtualMachines/jdk1.8.0_181.jdk/Contents/Home/jre/lib/ext:/Library/Java/Extensions:/Network/Library/Java/Extensions:/System/Library/Java/Extensions:/usr/lib/java"/>
<property name="java.home" value="/Library/Java/JavaVirtualMachines/jdk1.8.0_181.jdk/Contents/Home/jre"/>
<property name="java.io.tmpdir" value="/var/folders/br/b_rlzpvx07q7lsb4np3nz57r0000gn/T/"/>
<property name="java.library.path" value="/Users/duanyangyang/Library/Java/Extensions:/Library/Java/Extensions:/Network/Library/Java/Extensions:/System/Library/Java/Extensions:/usr/lib/java:."/>
<property name="java.runtime.name" value="Java(TM) SE Runtime Environment"/>
<property name="java.runtime.version" value="1.8.0_181-b13"/>
<property name="java.specification.name" value="Java Platform API Specification"/>
<property name="java.specification.vendor" value="Oracle Corporation"/>
<property name="java.specification.version" value="1.8"/>
<property name="java.vendor" value="Oracle Corporation"/>
<property name="java.vendor.url" value="http://java.oracle.com/"/>
<property name="java.vendor.url.bug" value="http://bugreport.sun.com/bugreport/"/>
<property name="java.version" value="1.8.0_181"/>
<property name="java.vm.info" value="mixed mode"/>
<property name="java.vm.name" value="Java HotSpot(TM) 64-Bit Server VM"/>
<property name="java.vm.specification.name" value="Java Virtual Machine Specification"/>
<property name="java.vm.specification.vendor" value="Oracle Corporation"/>
<property name="java.vm.specification.version" value="1.8"/>
<property name="java.vm.vendor" value="Oracle Corporation"/>
<property name="java.vm.version" value="25.181-b13"/>
<property name="line.separator" value="
"/>
<property name="os.arch" value="x86_64"/>
<property name="os.name" value="Mac OS X"/>
<property name="os.version" value="10.14.6"/>
<property name="path.separator" value=":"/>
<property name="socksNonProxyHosts" value="192.168.0.0/16|*.192.168.0.0/16|10.0.0.0/8|*.10.0.0.0/8|172.16.0.0/12|*.172.16.0.0/12|127.0.0.1|localhost|*.localhost|local|*.local|crashlytics.com|*.crashlytics.com"/>
<property name="socksProxyHost" value="127.0.0.1"/>
<property name="socksProxyPort" value="7891"/>
<property name="sun.arch.data.model" value="64"/>
<property name="sun.boot.class.path" value="/Library/Java/JavaVirtualMachines/jdk1.8.0_181.jdk/Contents/Home/jre/lib/resources.jar:/Library/Java/JavaVirtualMachines/jdk1.8.0_181.jdk/Contents/Home/jre/lib/rt.jar:/Library/Java/JavaVirtualMachines/jdk1.8.0_181.jdk/Contents/Home/jre/lib/sunrsasign.jar:/Library/Java/JavaVirtualMachines/jdk1.8.0_181.jdk/Contents/Home/jre/lib/jsse.jar:/Library/Java/JavaVirtualMachines/jdk1.8.0_181.jdk/Contents/Home/jre/lib/jce.jar:/Library/Java/JavaVirtualMachines/jdk1.8.0_181.jdk/Contents/Home/jre/lib/charsets.jar:/Library/Java/JavaVirtualMachines/jdk1.8.0_181.jdk/Contents/Home/jre/lib/jfr.jar:/Library/Java/JavaVirtualMachines/jdk1.8.0_181.jdk/Contents/Home/jre/classes"/>
<property name="sun.boot.library.path" value="/Library/Java/JavaVirtualMachines/jdk1.8.0_181.jdk/Contents/Home/jre/lib"/>
<property name="sun.cpu.endian" value="little"/>
<property name="sun.cpu.isalist" value=""/>
<property name="sun.io.unicode.encoding" value="UnicodeBig"/>
<property name="sun.java.command" value="org.junit.platform.console.ConsoleLauncher --details NONE --scan-class-path /Users/duanyangyang/Documents/ckb/ckb-sdk-kotlin/build/classes/java/main:/Users/duanyangyang/Documents/ckb/ckb-sdk-kotlin/build/classes/kotlin/main:/Users/duanyangyang/Documents/ckb/ckb-sdk-kotlin/build/resources/main:/Users/duanyangyang/Documents/ckb/ckb-sdk-kotlin/build/classes/java/test:/Users/duanyangyang/Documents/ckb/ckb-sdk-kotlin/build/classes/kotlin/test:/Users/duanyangyang/Documents/ckb/ckb-sdk-kotlin/build/resources/test -n ^(Test.*|.+[.$]Test.*|.*Tests?)$ --reports-dir /Users/duanyangyang/Documents/ckb/ckb-sdk-kotlin/build/test-results/junit-platform"/>
<property name="sun.java.launcher" value="SUN_STANDARD"/>
<property name="sun.jnu.encoding" value="UTF-8"/>
<property name="sun.management.compiler" value="HotSpot 64-Bit Tiered Compilers"/>
<property name="sun.os.patch.level" value="unknown"/>
<property name="user.country" value="CN"/>
<property name="user.dir" value="/Users/duanyangyang/Documents/ckb/ckb-sdk-kotlin"/>
<property name="user.home" value="/Users/duanyangyang"/>
<property name="user.language" value="en"/>
<property name="user.name" value="duanyangyang"/>
<property name="user.timezone" value="Asia/Shanghai"/>
<property name="user.variant" value=""/>
</properties>
<system-out><![CDATA[
unique-id: [engine:junit-jupiter]
display-name: JUnit Jupiter
]]></system-out>
</testsuite>
