<?xml version="1.0" encoding="UTF-8"?>
<testsuite name="system.SystemContractTest" tests="1" skipped="1" failures="0" errors="0" timestamp="2019-09-28T11:10:05" hostname="duanyangyangs-MacBook-Pro.local" time="0.0">
  <properties/>
  <testcase name="testGetSystemContract()" classname="system.SystemContractTest" time="0.0">
    <skipped/>
  </testcase>
  <system-out><![CDATA[]]></system-out>
  <system-err><![CDATA[]]></system-err>
</testsuite>
