<?xml version="1.0" encoding="UTF-8"?>
<testsuite name="type.TransactionTest" tests="5" skipped="1" failures="0" errors="0" timestamp="2019-09-28T11:10:05" hostname="duanyangyangs-MacBook-Pro.local" time="0.23">
  <properties/>
  <testcase name="serializationTest()" classname="type.TransactionTest" time="0.143"/>
  <testcase name="testSign()" classname="type.TransactionTest" time="0.072"/>
  <testcase name="testMultipleInputsSign()" classname="type.TransactionTest" time="0.011"/>
  <testcase name="testThrowErrorWhenWitnessesUnsatisfied()" classname="type.TransactionTest" time="0.001"/>
  <testcase name="serializationTxTest()" classname="type.TransactionTest" time="0.0">
    <skipped/>
  </testcase>
  <system-out><![CDATA[]]></system-out>
  <system-err><![CDATA[]]></system-err>
</testsuite>
